{"/home/fawad/projects/marketing-pages/app.js": {"path":"/home/fawad/projects/marketing-pages/app.js","statementMap":{"0":{"start":{"line":2,"column":13},"end":{"line":2,"column":28}},"1":{"start":{"line":5,"column":20},"end":{"line":5,"column":42}},"2":{"start":{"line":6,"column":16},"end":{"line":6,"column":34}},"3":{"start":{"line":7,"column":17},"end":{"line":7,"column":36}},"4":{"start":{"line":8,"column":19},"end":{"line":8,"column":41}},"5":{"start":{"line":11,"column":15},"end":{"line":11,"column":38}},"6":{"start":{"line":12,"column":15},"end":{"line":12,"column":38}},"7":{"start":{"line":17,"column":4},"end":{"line":17,"column":25}},"8":{"start":{"line":23,"column":4},"end":{"line":23,"column":32}},"9":{"start":{"line":25,"column":4},"end":{"line":25,"column":60}},"10":{"start":{"line":27,"column":4},"end":{"line":27,"column":33}},"11":{"start":{"line":30,"column":4},"end":{"line":30,"column":66}},"12":{"start":{"line":31,"column":4},"end":{"line":31,"column":115}},"13":{"start":{"line":34,"column":4},"end":{"line":34,"column":39}},"14":{"start":{"line":37,"column":4},"end":{"line":37,"column":33}},"15":{"start":{"line":40,"column":21},"end":{"line":43,"column":5}},"16":{"start":{"line":45,"column":16},"end":{"line":49,"column":6}},"17":{"start":{"line":51,"column":4},"end":{"line":51,"column":59}},"18":{"start":{"line":51,"column":38},"end":{"line":51,"column":58}},"19":{"start":{"line":53,"column":4},"end":{"line":53,"column":20}},"20":{"start":{"line":57,"column":0},"end":{"line":57,"column":25}}},"fnMap":{"0":{"name":"(anonymous_0)","decl":{"start":{"line":15,"column":2},"end":{"line":15,"column":3}},"loc":{"start":{"line":15,"column":16},"end":{"line":18,"column":3}},"line":15},"1":{"name":"(anonymous_1)","decl":{"start":{"line":20,"column":2},"end":{"line":20,"column":3}},"loc":{"start":{"line":20,"column":14},"end":{"line":54,"column":3}},"line":20},"2":{"name":"(anonymous_2)","decl":{"start":{"line":51,"column":29},"end":{"line":51,"column":30}},"loc":{"start":{"line":51,"column":38},"end":{"line":51,"column":58}},"line":51}},"branchMap":{},"s":{"0":6,"1":6,"2":6,"3":6,"4":6,"5":6,"6":6,"7":18,"8":18,"9":18,"10":18,"11":18,"12":18,"13":18,"14":18,"15":18,"16":18,"17":18,"18":0,"19":18,"20":6},"f":{"0":18,"1":18,"2":0},"b":{},"_coverageSchema":"43e27e138ebf9cfc5966b082cf9a028302ed4184","hash":"d102e1d4d8ec68f43dda6e285c2a91e63b9ae747"}
,"/home/fawad/projects/marketing-pages/app/config.js": {"path":"/home/fawad/projects/marketing-pages/app/config.js","statementMap":{"0":{"start":{"line":1,"column":0},"end":{"line":10,"column":2}}},"fnMap":{},"branchMap":{"0":{"loc":{"start":{"line":6,"column":7},"end":{"line":6,"column":44}},"type":"binary-expr","locations":[{"start":{"line":6,"column":7},"end":{"line":6,"column":27}},{"start":{"line":6,"column":31},"end":{"line":6,"column":44}}],"line":6},"1":{"loc":{"start":{"line":9,"column":8},"end":{"line":9,"column":32}},"type":"binary-expr","locations":[{"start":{"line":9,"column":8},"end":{"line":9,"column":24}},{"start":{"line":9,"column":28},"end":{"line":9,"column":32}}],"line":9}},"s":{"0":6},"f":{},"b":{"0":[6,0],"1":[6,6]},"_coverageSchema":"43e27e138ebf9cfc5966b082cf9a028302ed4184","hash":"ded06f1f715166d1e66408ddc6fb25d0c51940f3"}
,"/home/fawad/projects/marketing-pages/app/locals.js": {"path":"/home/fawad/projects/marketing-pages/app/locals.js","statementMap":{"0":{"start":{"line":1,"column":0},"end":{"line":5,"column":2}},"1":{"start":{"line":1,"column":27},"end":{"line":5,"column":1}},"2":{"start":{"line":2,"column":2},"end":{"line":2,"column":39}},"3":{"start":{"line":4,"column":2},"end":{"line":4,"column":9}}},"fnMap":{"0":{"name":"(anonymous_0)","decl":{"start":{"line":1,"column":17},"end":{"line":1,"column":18}},"loc":{"start":{"line":1,"column":27},"end":{"line":5,"column":1}},"line":1},"1":{"name":"(anonymous_1)","decl":{"start":{"line":1,"column":27},"end":{"line":1,"column":28}},"loc":{"start":{"line":1,"column":47},"end":{"line":5,"column":1}},"line":1}},"branchMap":{},"s":{"0":6,"1":18,"2":18,"3":18},"f":{"0":18,"1":18},"b":{},"_coverageSchema":"43e27e138ebf9cfc5966b082cf9a028302ed4184","hash":"5e94d701acd2734b5b57566e80fa24c5193120e3"}
,"/home/fawad/projects/marketing-pages/app/contextCreators/createMarketingDashboardContext.js": {"path":"/home/fawad/projects/marketing-pages/app/contextCreators/createMarketingDashboardContext.js","statementMap":{"0":{"start":{"line":1,"column":47},"end":{"line":32,"column":1}},"1":{"start":{"line":2,"column":18},"end":{"line":2,"column":20}},"2":{"start":{"line":3,"column":19},"end":{"line":3,"column":21}},"3":{"start":{"line":5,"column":2},"end":{"line":27,"column":5}},"4":{"start":{"line":6,"column":20},"end":{"line":6,"column":22}},"5":{"start":{"line":7,"column":18},"end":{"line":7,"column":20}},"6":{"start":{"line":9,"column":4},"end":{"line":9,"column":36}},"7":{"start":{"line":10,"column":4},"end":{"line":10,"column":42}},"8":{"start":{"line":12,"column":4},"end":{"line":23,"column":7}},"9":{"start":{"line":13,"column":19},"end":{"line":13,"column":21}},"10":{"start":{"line":14,"column":6},"end":{"line":14,"column":58}},"11":{"start":{"line":15,"column":6},"end":{"line":15,"column":38}},"12":{"start":{"line":16,"column":6},"end":{"line":16,"column":50}},"13":{"start":{"line":18,"column":25},"end":{"line":19,"column":76}},"14":{"start":{"line":19,"column":35},"end":{"line":19,"column":75}},"15":{"start":{"line":20,"column":6},"end":{"line":20,"column":27}},"16":{"start":{"line":22,"column":6},"end":{"line":22,"column":23}},"17":{"start":{"line":25,"column":4},"end":{"line":25,"column":26}},"18":{"start":{"line":26,"column":4},"end":{"line":26,"column":27}},"19":{"start":{"line":29,"column":2},"end":{"line":29,"column":30}},"20":{"start":{"line":31,"column":2},"end":{"line":31,"column":17}}},"fnMap":{"0":{"name":"(anonymous_0)","decl":{"start":{"line":1,"column":47},"end":{"line":1,"column":48}},"loc":{"start":{"line":1,"column":97},"end":{"line":32,"column":1}},"line":1},"1":{"name":"(anonymous_1)","decl":{"start":{"line":5,"column":33},"end":{"line":5,"column":34}},"loc":{"start":{"line":5,"column":54},"end":{"line":27,"column":3}},"line":5},"2":{"name":"(anonymous_2)","decl":{"start":{"line":12,"column":30},"end":{"line":12,"column":31}},"loc":{"start":{"line":12,"column":48},"end":{"line":23,"column":5}},"line":12},"3":{"name":"(anonymous_3)","decl":{"start":{"line":19,"column":14},"end":{"line":19,"column":15}},"loc":{"start":{"line":19,"column":35},"end":{"line":19,"column":75}},"line":19}},"branchMap":{},"s":{"0":1,"1":1,"2":1,"3":1,"4":1,"5":1,"6":1,"7":1,"8":1,"9":1,"10":1,"11":1,"12":1,"13":1,"14":1,"15":1,"16":1,"17":1,"18":1,"19":1,"20":1},"f":{"0":1,"1":1,"2":1,"3":1},"b":{},"_coverageSchema":"43e27e138ebf9cfc5966b082cf9a028302ed4184","hash":"a5e2555cc9cacdc0d8c5d08c5d6e37169a5e77d6"}
,"/home/fawad/projects/marketing-pages/app/contextCreators/createTaskPageContext.js": {"path":"/home/fawad/projects/marketing-pages/app/contextCreators/createTaskPageContext.js","statementMap":{"0":{"start":{"line":3,"column":37},"end":{"line":27,"column":1}},"1":{"start":{"line":4,"column":18},"end":{"line":4,"column":20}},"2":{"start":{"line":5,"column":20},"end":{"line":5,"column":22}},"3":{"start":{"line":7,"column":2},"end":{"line":7,"column":37}},"4":{"start":{"line":8,"column":2},"end":{"line":8,"column":69}},"5":{"start":{"line":10,"column":2},"end":{"line":22,"column":5}},"6":{"start":{"line":11,"column":21},"end":{"line":11,"column":23}},"7":{"start":{"line":12,"column":4},"end":{"line":12,"column":42}},"8":{"start":{"line":13,"column":4},"end":{"line":13,"column":46}},"9":{"start":{"line":14,"column":4},"end":{"line":14,"column":58}},"10":{"start":{"line":15,"column":4},"end":{"line":15,"column":70}},"11":{"start":{"line":17,"column":4},"end":{"line":19,"column":5}},"12":{"start":{"line":18,"column":6},"end":{"line":18,"column":89}},"13":{"start":{"line":21,"column":4},"end":{"line":21,"column":29}},"14":{"start":{"line":24,"column":2},"end":{"line":24,"column":32}},"15":{"start":{"line":26,"column":2},"end":{"line":26,"column":17}}},"fnMap":{"0":{"name":"(anonymous_0)","decl":{"start":{"line":3,"column":37},"end":{"line":3,"column":38}},"loc":{"start":{"line":3,"column":95},"end":{"line":27,"column":1}},"line":3},"1":{"name":"(anonymous_1)","decl":{"start":{"line":10,"column":29},"end":{"line":10,"column":30}},"loc":{"start":{"line":10,"column":55},"end":{"line":22,"column":3}},"line":10}},"branchMap":{"0":{"loc":{"start":{"line":17,"column":4},"end":{"line":19,"column":5}},"type":"if","locations":[{"start":{"line":17,"column":4},"end":{"line":19,"column":5}},{"start":{"line":17,"column":4},"end":{"line":19,"column":5}}],"line":17}},"s":{"0":1,"1":4,"2":4,"3":4,"4":4,"5":4,"6":4,"7":4,"8":4,"9":4,"10":4,"11":4,"12":3,"13":4,"14":4,"15":4},"f":{"0":4,"1":4},"b":{"0":[3,1]},"_coverageSchema":"43e27e138ebf9cfc5966b082cf9a028302ed4184","hash":"6e1b7e3d00fece65da3a59e7cfbdafceed57bbf3"}
,"/home/fawad/projects/marketing-pages/app/contextCreators/generateFields.js": {"path":"/home/fawad/projects/marketing-pages/app/contextCreators/generateFields.js","statementMap":{"0":{"start":{"line":3,"column":30},"end":{"line":27,"column":1}},"1":{"start":{"line":4,"column":2},"end":{"line":25,"column":3}},"2":{"start":{"line":5,"column":19},"end":{"line":5,"column":21}},"3":{"start":{"line":7,"column":4},"end":{"line":22,"column":7}},"4":{"start":{"line":8,"column":20},"end":{"line":8,"column":22}},"5":{"start":{"line":9,"column":6},"end":{"line":9,"column":43}},"6":{"start":{"line":10,"column":6},"end":{"line":10,"column":92}},"7":{"start":{"line":12,"column":38},"end":{"line":13,"column":70}},"8":{"start":{"line":13,"column":33},"end":{"line":13,"column":69}},"9":{"start":{"line":15,"column":6},"end":{"line":19,"column":7}},"10":{"start":{"line":16,"column":22},"end":{"line":16,"column":24}},"11":{"start":{"line":17,"column":8},"end":{"line":17,"column":56}},"12":{"start":{"line":18,"column":8},"end":{"line":18,"column":28}},"13":{"start":{"line":21,"column":6},"end":{"line":21,"column":25}},"14":{"start":{"line":24,"column":4},"end":{"line":24,"column":18}},"15":{"start":{"line":26,"column":2},"end":{"line":26,"column":19}}},"fnMap":{"0":{"name":"(anonymous_0)","decl":{"start":{"line":3,"column":30},"end":{"line":3,"column":31}},"loc":{"start":{"line":3,"column":84},"end":{"line":27,"column":1}},"line":3},"1":{"name":"(anonymous_1)","decl":{"start":{"line":7,"column":40},"end":{"line":7,"column":41}},"loc":{"start":{"line":7,"column":50},"end":{"line":22,"column":5}},"line":7},"2":{"name":"(anonymous_2)","decl":{"start":{"line":13,"column":14},"end":{"line":13,"column":15}},"loc":{"start":{"line":13,"column":33},"end":{"line":13,"column":69}},"line":13}},"branchMap":{"0":{"loc":{"start":{"line":4,"column":2},"end":{"line":25,"column":3}},"type":"if","locations":[{"start":{"line":4,"column":2},"end":{"line":25,"column":3}},{"start":{"line":4,"column":2},"end":{"line":25,"column":3}}],"line":4},"1":{"loc":{"start":{"line":4,"column":6},"end":{"line":4,"column":60}},"type":"binary-expr","locations":[{"start":{"line":4,"column":6},"end":{"line":4,"column":14}},{"start":{"line":4,"column":18},"end":{"line":4,"column":35}},{"start":{"line":4,"column":39},"end":{"line":4,"column":60}}],"line":4},"2":{"loc":{"start":{"line":12,"column":38},"end":{"line":13,"column":70}},"type":"binary-expr","locations":[{"start":{"line":12,"column":38},"end":{"line":12,"column":54}},{"start":{"line":12,"column":58},"end":{"line":13,"column":70}}],"line":12},"3":{"loc":{"start":{"line":15,"column":6},"end":{"line":19,"column":7}},"type":"if","locations":[{"start":{"line":15,"column":6},"end":{"line":19,"column":7}},{"start":{"line":15,"column":6},"end":{"line":19,"column":7}}],"line":15}},"s":{"0":2,"1":10,"2":7,"3":7,"4":19,"5":19,"6":19,"7":19,"8":6,"9":19,"10":2,"11":2,"12":2,"13":19,"14":7,"15":3},"f":{"0":10,"1":19,"2":6},"b":{"0":[7,3],"1":[10,9,7],"2":[19,6],"3":[2,17]},"_coverageSchema":"43e27e138ebf9cfc5966b082cf9a028302ed4184","hash":"fc0fe8acd51349cdc700804fca72a031ac6fcc9c"}
,"/home/fawad/projects/marketing-pages/app/contextCreators/getExistingDataForFieldIfAvailable.js": {"path":"/home/fawad/projects/marketing-pages/app/contextCreators/getExistingDataForFieldIfAvailable.js","statementMap":{"0":{"start":{"line":1,"column":50},"end":{"line":7,"column":1}},"1":{"start":{"line":2,"column":2},"end":{"line":6,"column":62}}},"fnMap":{"0":{"name":"(anonymous_0)","decl":{"start":{"line":1,"column":50},"end":{"line":1,"column":51}},"loc":{"start":{"line":2,"column":2},"end":{"line":6,"column":62}},"line":2}},"branchMap":{"0":{"loc":{"start":{"line":2,"column":2},"end":{"line":6,"column":62}},"type":"cond-expr","locations":[{"start":{"line":6,"column":6},"end":{"line":6,"column":50}},{"start":{"line":6,"column":53},"end":{"line":6,"column":62}}],"line":2},"1":{"loc":{"start":{"line":2,"column":2},"end":{"line":5,"column":51}},"type":"binary-expr","locations":[{"start":{"line":2,"column":2},"end":{"line":2,"column":22}},{"start":{"line":3,"column":7},"end":{"line":3,"column":32}},{"start":{"line":4,"column":7},"end":{"line":4,"column":44}},{"start":{"line":5,"column":7},"end":{"line":5,"column":51}}],"line":2}},"s":{"0":3,"1":24},"f":{"0":24},"b":{"0":[12,12],"1":[24,16,15,14]},"_coverageSchema":"43e27e138ebf9cfc5966b082cf9a028302ed4184","hash":"943bfcf34d86fbddd9ab45ae6feec33bd963ccc1"}
,"/home/fawad/projects/marketing-pages/app/helpers/createMarketingDataIfRequired.js": {"path":"/home/fawad/projects/marketing-pages/app/helpers/createMarketingDataIfRequired.js","statementMap":{"0":{"start":{"line":3,"column":45},"end":{"line":28,"column":1}},"1":{"start":{"line":4,"column":24},"end":{"line":4,"column":26}},"2":{"start":{"line":5,"column":16},"end":{"line":5,"column":18}},"3":{"start":{"line":7,"column":2},"end":{"line":23,"column":5}},"4":{"start":{"line":8,"column":4},"end":{"line":22,"column":7}},"5":{"start":{"line":9,"column":30},"end":{"line":9,"column":32}},"6":{"start":{"line":11,"column":43},"end":{"line":11,"column":105}},"7":{"start":{"line":13,"column":6},"end":{"line":19,"column":7}},"8":{"start":{"line":14,"column":8},"end":{"line":14,"column":57}},"9":{"start":{"line":16,"column":8},"end":{"line":16,"column":39}},"10":{"start":{"line":17,"column":8},"end":{"line":17,"column":36}},"11":{"start":{"line":18,"column":8},"end":{"line":18,"column":48}},"12":{"start":{"line":21,"column":6},"end":{"line":21,"column":36}},"13":{"start":{"line":25,"column":2},"end":{"line":25,"column":30}},"14":{"start":{"line":27,"column":2},"end":{"line":27,"column":23}}},"fnMap":{"0":{"name":"(anonymous_0)","decl":{"start":{"line":3,"column":45},"end":{"line":3,"column":46}},"loc":{"start":{"line":3,"column":89},"end":{"line":28,"column":1}},"line":3},"1":{"name":"(anonymous_1)","decl":{"start":{"line":7,"column":33},"end":{"line":7,"column":34}},"loc":{"start":{"line":7,"column":46},"end":{"line":23,"column":3}},"line":7},"2":{"name":"(anonymous_2)","decl":{"start":{"line":8,"column":22},"end":{"line":8,"column":23}},"loc":{"start":{"line":8,"column":32},"end":{"line":22,"column":5}},"line":8}},"branchMap":{"0":{"loc":{"start":{"line":13,"column":6},"end":{"line":19,"column":7}},"type":"if","locations":[{"start":{"line":13,"column":6},"end":{"line":19,"column":7}},{"start":{"line":13,"column":6},"end":{"line":19,"column":7}}],"line":13}},"s":{"0":1,"1":5,"2":5,"3":5,"4":6,"5":9,"6":9,"7":9,"8":2,"9":7,"10":7,"11":7,"12":9,"13":5,"14":5},"f":{"0":5,"1":6,"2":9},"b":{"0":[2,7]},"_coverageSchema":"43e27e138ebf9cfc5966b082cf9a028302ed4184","hash":"59ff6456e5437830aaa9c4a58677982f20c6bc37"}
,"/home/fawad/projects/marketing-pages/app/helpers/createUpdatedSolutionData.js": {"path":"/home/fawad/projects/marketing-pages/app/helpers/createUpdatedSolutionData.js","statementMap":{"0":{"start":{"line":3,"column":41},"end":{"line":15,"column":1}},"1":{"start":{"line":4,"column":30},"end":{"line":4,"column":57}},"2":{"start":{"line":6,"column":23},"end":{"line":6,"column":84}},"3":{"start":{"line":7,"column":2},"end":{"line":12,"column":3}},"4":{"start":{"line":8,"column":4},"end":{"line":8,"column":33}},"5":{"start":{"line":9,"column":4},"end":{"line":9,"column":37}},"6":{"start":{"line":11,"column":4},"end":{"line":11,"column":31}},"7":{"start":{"line":14,"column":2},"end":{"line":14,"column":30}}},"fnMap":{"0":{"name":"(anonymous_0)","decl":{"start":{"line":3,"column":41},"end":{"line":3,"column":42}},"loc":{"start":{"line":3,"column":85},"end":{"line":15,"column":1}},"line":3}},"branchMap":{"0":{"loc":{"start":{"line":7,"column":2},"end":{"line":12,"column":3}},"type":"if","locations":[{"start":{"line":7,"column":2},"end":{"line":12,"column":3}},{"start":{"line":7,"column":2},"end":{"line":12,"column":3}}],"line":7}},"s":{"0":1,"1":2,"2":2,"3":2,"4":1,"5":1,"6":1,"7":1},"f":{"0":2},"b":{"0":[1,1]},"_coverageSchema":"43e27e138ebf9cfc5966b082cf9a028302ed4184","hash":"c9bfd0b2ddac524ff4eba4185b20fdb22269fd3e"}
,"/home/fawad/projects/marketing-pages/app/helpers/findExistingMarketingDataForTask.js": {"path":"/home/fawad/projects/marketing-pages/app/helpers/findExistingMarketingDataForTask.js","statementMap":{"0":{"start":{"line":1,"column":48},"end":{"line":7,"column":1}},"1":{"start":{"line":2,"column":2},"end":{"line":6,"column":33}},"2":{"start":{"line":6,"column":17},"end":{"line":6,"column":32}}},"fnMap":{"0":{"name":"(anonymous_0)","decl":{"start":{"line":1,"column":48},"end":{"line":1,"column":49}},"loc":{"start":{"line":2,"column":2},"end":{"line":6,"column":33}},"line":2},"1":{"name":"(anonymous_1)","decl":{"start":{"line":6,"column":12},"end":{"line":6,"column":13}},"loc":{"start":{"line":6,"column":17},"end":{"line":6,"column":32}},"line":6}},"branchMap":{"0":{"loc":{"start":{"line":2,"column":2},"end":{"line":6,"column":33}},"type":"binary-expr","locations":[{"start":{"line":2,"column":2},"end":{"line":2,"column":22}},{"start":{"line":3,"column":7},"end":{"line":3,"column":41}},{"start":{"line":4,"column":7},"end":{"line":4,"column":47}},{"start":{"line":5,"column":7},"end":{"line":6,"column":33}}],"line":2}},"s":{"0":3,"1":16,"2":7},"f":{"0":16,"1":7},"b":{"0":[16,15,8,7]},"_coverageSchema":"43e27e138ebf9cfc5966b082cf9a028302ed4184","hash":"9042d4c4798cec6135d2709ecbcc5e84f0ecf2b1"}
,"/home/fawad/projects/marketing-pages/app/helpers/validateTaskData.js": {"path":"/home/fawad/projects/marketing-pages/app/helpers/validateTaskData.js","statementMap":{"0":{"start":{"line":1,"column":24},"end":{"line":10,"column":1}},"1":{"start":{"line":4,"column":6},"end":{"line":6,"column":7}},"2":{"start":{"line":5,"column":8},"end":{"line":5,"column":20}},"3":{"start":{"line":7,"column":6},"end":{"line":7,"column":19}},"4":{"start":{"line":12,"column":28},"end":{"line":19,"column":1}},"5":{"start":{"line":13,"column":16},"end":{"line":13,"column":18}},"6":{"start":{"line":14,"column":2},"end":{"line":14,"column":32}},"7":{"start":{"line":15,"column":2},"end":{"line":15,"column":49}},"8":{"start":{"line":16,"column":2},"end":{"line":16,"column":26}},"9":{"start":{"line":18,"column":2},"end":{"line":18,"column":15}},"10":{"start":{"line":21,"column":32},"end":{"line":40,"column":1}},"11":{"start":{"line":22,"column":27},"end":{"line":22,"column":29}},"12":{"start":{"line":24,"column":2},"end":{"line":37,"column":5}},"13":{"start":{"line":25,"column":4},"end":{"line":36,"column":5}},"14":{"start":{"line":26,"column":6},"end":{"line":35,"column":9}},"15":{"start":{"line":27,"column":8},"end":{"line":34,"column":11}},"16":{"start":{"line":28,"column":10},"end":{"line":33,"column":11}},"17":{"start":{"line":29,"column":26},"end":{"line":31,"column":13}},"18":{"start":{"line":32,"column":12},"end":{"line":32,"column":41}},"19":{"start":{"line":39,"column":2},"end":{"line":39,"column":26}}},"fnMap":{"0":{"name":"(anonymous_0)","decl":{"start":{"line":3,"column":10},"end":{"line":3,"column":11}},"loc":{"start":{"line":3,"column":45},"end":{"line":8,"column":5}},"line":3},"1":{"name":"(anonymous_1)","decl":{"start":{"line":12,"column":28},"end":{"line":12,"column":29}},"loc":{"start":{"line":12,"column":62},"end":{"line":19,"column":1}},"line":12},"2":{"name":"(anonymous_2)","decl":{"start":{"line":21,"column":32},"end":{"line":21,"column":33}},"loc":{"start":{"line":21,"column":60},"end":{"line":40,"column":1}},"line":21},"3":{"name":"(anonymous_3)","decl":{"start":{"line":24,"column":29},"end":{"line":24,"column":30}},"loc":{"start":{"line":24,"column":47},"end":{"line":37,"column":3}},"line":24},"4":{"name":"(anonymous_4)","decl":{"start":{"line":26,"column":39},"end":{"line":26,"column":40}},"loc":{"start":{"line":26,"column":59},"end":{"line":35,"column":7}},"line":26},"5":{"name":"(anonymous_5)","decl":{"start":{"line":27,"column":38},"end":{"line":27,"column":39}},"loc":{"start":{"line":27,"column":74},"end":{"line":34,"column":9}},"line":27}},"branchMap":{"0":{"loc":{"start":{"line":4,"column":6},"end":{"line":6,"column":7}},"type":"if","locations":[{"start":{"line":4,"column":6},"end":{"line":6,"column":7}},{"start":{"line":4,"column":6},"end":{"line":6,"column":7}}],"line":4},"1":{"loc":{"start":{"line":25,"column":4},"end":{"line":36,"column":5}},"type":"if","locations":[{"start":{"line":25,"column":4},"end":{"line":36,"column":5}},{"start":{"line":25,"column":4},"end":{"line":36,"column":5}}],"line":25},"2":{"loc":{"start":{"line":25,"column":8},"end":{"line":25,"column":65}},"type":"binary-expr","locations":[{"start":{"line":25,"column":8},"end":{"line":25,"column":33}},{"start":{"line":25,"column":37},"end":{"line":25,"column":65}}],"line":25},"3":{"loc":{"start":{"line":28,"column":10},"end":{"line":33,"column":11}},"type":"if","locations":[{"start":{"line":28,"column":10},"end":{"line":33,"column":11}},{"start":{"line":28,"column":10},"end":{"line":33,"column":11}}],"line":28}},"s":{"0":1,"1":6,"2":4,"3":2,"4":1,"5":4,"6":4,"7":4,"8":4,"9":4,"10":1,"11":5,"12":5,"13":5,"14":4,"15":4,"16":6,"17":4,"18":4,"19":5},"f":{"0":6,"1":4,"2":5,"3":5,"4":4,"5":6},"b":{"0":[4,2],"1":[4,1],"2":[5,5],"3":[4,2]},"_coverageSchema":"43e27e138ebf9cfc5966b082cf9a028302ed4184","hash":"283c1568a07f21f29ca006bc44a5e64555130d8b"}
}
