TN:
SF:/home/fawad/projects/marketing-pages/app.js
FN:15,(anonymous_0)
FN:20,(anonymous_1)
FN:51,(anonymous_2)
FNF:3
FNH:2
FNDA:18,(anonymous_0)
FNDA:18,(anonymous_1)
FNDA:0,(anonymous_2)
DA:2,6
DA:5,6
DA:6,6
DA:7,6
DA:8,6
DA:11,6
DA:12,6
DA:17,18
DA:23,18
DA:25,18
DA:27,18
DA:30,18
DA:31,18
DA:34,18
DA:37,18
DA:40,18
DA:45,18
DA:51,18
DA:53,18
DA:57,6
LF:20
LH:20
BRF:0
BRH:0
end_of_record
TN:
SF:/home/fawad/projects/marketing-pages/app/config.js
FNF:0
FNH:0
DA:1,6
LF:1
LH:1
BRDA:6,0,0,6
BRDA:6,0,1,0
BRDA:9,1,0,6
BRDA:9,1,1,6
BRF:4
BRH:3
end_of_record
TN:
SF:/home/fawad/projects/marketing-pages/app/locals.js
FN:1,(anonymous_0)
FN:1,(anonymous_1)
FNF:2
FNH:2
FNDA:18,(anonymous_0)
FNDA:18,(anonymous_1)
DA:1,18
DA:2,18
DA:4,18
LF:3
LH:3
BRF:0
BRH:0
end_of_record
TN:
SF:/home/fawad/projects/marketing-pages/app/contextCreators/createMarketingDashboardContext.js
FN:1,(anonymous_0)
FN:5,(anonymous_1)
FN:12,(anonymous_2)
FN:19,(anonymous_3)
FNF:4
FNH:4
FNDA:1,(anonymous_0)
FNDA:1,(anonymous_1)
FNDA:1,(anonymous_2)
FNDA:1,(anonymous_3)
DA:1,1
DA:2,1
DA:3,1
DA:5,1
DA:6,1
DA:7,1
DA:9,1
DA:10,1
DA:12,1
DA:13,1
DA:14,1
DA:15,1
DA:16,1
DA:18,1
DA:19,1
DA:20,1
DA:22,1
DA:25,1
DA:26,1
DA:29,1
DA:31,1
LF:21
LH:21
BRF:0
BRH:0
end_of_record
TN:
SF:/home/fawad/projects/marketing-pages/app/contextCreators/createTaskPageContext.js
FN:3,(anonymous_0)
FN:10,(anonymous_1)
FNF:2
FNH:2
FNDA:4,(anonymous_0)
FNDA:4,(anonymous_1)
DA:3,1
DA:4,4
DA:5,4
DA:7,4
DA:8,4
DA:10,4
DA:11,4
DA:12,4
DA:13,4
DA:14,4
DA:15,4
DA:17,4
DA:18,3
DA:21,4
DA:24,4
DA:26,4
LF:16
LH:16
BRDA:17,0,0,3
BRDA:17,0,1,1
BRF:2
BRH:2
end_of_record
TN:
SF:/home/fawad/projects/marketing-pages/app/contextCreators/generateFields.js
FN:3,(anonymous_0)
FN:7,(anonymous_1)
FN:13,(anonymous_2)
FNF:3
FNH:3
FNDA:10,(anonymous_0)
FNDA:19,(anonymous_1)
FNDA:6,(anonymous_2)
DA:3,2
DA:4,10
DA:5,7
DA:7,7
DA:8,19
DA:9,19
DA:10,19
DA:12,19
DA:13,6
DA:15,19
DA:16,2
DA:17,2
DA:18,2
DA:21,19
DA:24,7
DA:26,3
LF:16
LH:16
BRDA:4,0,0,7
BRDA:4,0,1,3
BRDA:4,1,0,10
BRDA:4,1,1,9
BRDA:4,1,2,7
BRDA:12,2,0,19
BRDA:12,2,1,6
BRDA:15,3,0,2
BRDA:15,3,1,17
BRF:9
BRH:9
end_of_record
TN:
SF:/home/fawad/projects/marketing-pages/app/contextCreators/getExistingDataForFieldIfAvailable.js
FN:1,(anonymous_0)
FNF:1
FNH:1
FNDA:24,(anonymous_0)
DA:1,3
DA:2,24
LF:2
LH:2
BRDA:2,0,0,12
BRDA:2,0,1,12
BRDA:2,1,0,24
BRDA:2,1,1,16
BRDA:2,1,2,15
BRDA:2,1,3,14
BRF:6
BRH:6
end_of_record
TN:
SF:/home/fawad/projects/marketing-pages/app/helpers/createMarketingDataIfRequired.js
FN:3,(anonymous_0)
FN:7,(anonymous_1)
FN:8,(anonymous_2)
FNF:3
FNH:3
FNDA:5,(anonymous_0)
FNDA:6,(anonymous_1)
FNDA:9,(anonymous_2)
DA:3,1
DA:4,5
DA:5,5
DA:7,5
DA:8,6
DA:9,9
DA:11,9
DA:13,9
DA:14,2
DA:16,7
DA:17,7
DA:18,7
DA:21,9
DA:25,5
DA:27,5
LF:15
LH:15
BRDA:13,0,0,2
BRDA:13,0,1,7
BRF:2
BRH:2
end_of_record
TN:
SF:/home/fawad/projects/marketing-pages/app/helpers/createUpdatedSolutionData.js
FN:3,(anonymous_0)
FNF:1
FNH:1
FNDA:2,(anonymous_0)
DA:3,1
DA:4,2
DA:6,2
DA:7,2
DA:8,1
DA:9,1
DA:11,1
DA:14,1
LF:8
LH:8
BRDA:7,0,0,1
BRDA:7,0,1,1
BRF:2
BRH:2
end_of_record
TN:
SF:/home/fawad/projects/marketing-pages/app/helpers/findExistingMarketingDataForTask.js
FN:1,(anonymous_0)
FN:6,(anonymous_1)
FNF:2
FNH:2
FNDA:16,(anonymous_0)
FNDA:7,(anonymous_1)
DA:1,3
DA:2,16
DA:6,7
LF:3
LH:3
BRDA:2,0,0,16
BRDA:2,0,1,15
BRDA:2,0,2,8
BRDA:2,0,3,7
BRF:4
BRH:4
end_of_record
TN:
SF:/home/fawad/projects/marketing-pages/app/helpers/validateTaskData.js
FN:3,(anonymous_0)
FN:12,(anonymous_1)
FN:21,(anonymous_2)
FN:24,(anonymous_3)
FN:26,(anonymous_4)
FN:27,(anonymous_5)
FNF:6
FNH:6
FNDA:6,(anonymous_0)
FNDA:4,(anonymous_1)
FNDA:5,(anonymous_2)
FNDA:5,(anonymous_3)
FNDA:4,(anonymous_4)
FNDA:6,(anonymous_5)
DA:1,1
DA:4,6
DA:5,4
DA:7,2
DA:12,1
DA:13,4
DA:14,4
DA:15,4
DA:16,4
DA:18,4
DA:21,1
DA:22,5
DA:24,5
DA:25,5
DA:26,4
DA:27,4
DA:28,6
DA:29,4
DA:32,4
DA:39,5
LF:20
LH:20
BRDA:4,0,0,4
BRDA:4,0,1,2
BRDA:25,1,0,4
BRDA:25,1,1,1
BRDA:25,2,0,5
BRDA:25,2,1,5
BRDA:28,3,0,4
BRDA:28,3,1,2
BRF:8
BRH:8
end_of_record
